<?xml version="1.0" encoding="UTF-8"?>
<!-- Generated by org.testng.reporters.JUnitReportReporter -->
<testsuite skipped="4" hostname="HP" name="FrameworkUI_YourStore.FrameworkUI_YourStore.TabletPageTest" tests="5" failures="0" timestamp="2023-04-06T16:31:35 IST" time="0.014" errors="1">
  <testcase name="setUp" time="0.014" classname="FrameworkUI_YourStore.FrameworkUI_YourStore.TabletPageTest">
    <error type="java.lang.NoClassDefFoundError" message="org/openqa/selenium/remote/RemoteWebDriver">
      <![CDATA[java.lang.NoClassDefFoundError: org/openqa/selenium/remote/RemoteWebDriver
at java.lang.ClassLoader.defineClass1(Native Method)
at java.lang.ClassLoader.defineClass(Unknown Source)
at java.security.SecureClassLoader.defineClass(Unknown Source)
at java.net.URLClassLoader.defineClass(Unknown Source)
at java.net.URLClassLoader.access$100(Unknown Source)
at java.net.URLClassLoader$1.run(Unknown Source)
at java.net.URLClassLoader$1.run(Unknown Source)
at java.security.AccessController.doPrivileged(Native Method)
at java.net.URLClassLoader.findClass(Unknown Source)
at java.lang.ClassLoader.loadClass(Unknown Source)
at sun.misc.Launcher$AppClassLoader.loadClass(Unknown Source)
at java.lang.ClassLoader.loadClass(Unknown Source)
at com.BaseClass.TestBase.initalization(TestBase.java:40)
at FrameworkUI_YourStore.FrameworkUI_YourStore.TabletPageTest.setUp(TabletPageTest.java:28)
at sun.reflect.NativeMethodAccessorImpl.invoke0(Native Method)
at sun.reflect.NativeMethodAccessorImpl.invoke(Unknown Source)
at sun.reflect.DelegatingMethodAccessorImpl.invoke(Unknown Source)
at java.lang.reflect.Method.invoke(Unknown Source)
at org.testng.internal.MethodInvocationHelper.invokeMethod(MethodInvocationHelper.java:133)
at org.testng.internal.MethodInvocationHelper.invokeMethodConsideringTimeout(MethodInvocationHelper.java:62)
at org.testng.internal.ConfigInvoker.invokeConfigurationMethod(ConfigInvoker.java:385)
at org.testng.internal.ConfigInvoker.invokeConfigurations(ConfigInvoker.java:321)
at org.testng.TestRunner.invokeTestConfigurations(TestRunner.java:637)
at org.testng.TestRunner.beforeRun(TestRunner.java:627)
at org.testng.TestRunner.run(TestRunner.java:589)
at org.testng.SuiteRunner.runTest(SuiteRunner.java:377)
at org.testng.SuiteRunner.runSequentially(SuiteRunner.java:371)
at org.testng.SuiteRunner.privateRun(SuiteRunner.java:332)
at org.testng.SuiteRunner.run(SuiteRunner.java:276)
at org.testng.SuiteRunnerWorker.runSuite(SuiteRunnerWorker.java:53)
at org.testng.SuiteRunnerWorker.run(SuiteRunnerWorker.java:96)
at org.testng.TestNG.runSuitesSequentially(TestNG.java:1212)
at org.testng.TestNG.runSuitesLocally(TestNG.java:1134)
at org.testng.TestNG.runSuites(TestNG.java:1063)
at org.testng.TestNG.run(TestNG.java:1031)
at org.testng.remote.AbstractRemoteTestNG.run(AbstractRemoteTestNG.java:115)
at org.testng.remote.RemoteTestNG.initAndRun(RemoteTestNG.java:251)
at org.testng.remote.RemoteTestNG.main(RemoteTestNG.java:77)
Caused by: java.lang.ClassNotFoundException: org.openqa.selenium.remote.RemoteWebDriver
at java.net.URLClassLoader.findClass(Unknown Source)
at java.lang.ClassLoader.loadClass(Unknown Source)
at sun.misc.Launcher$AppClassLoader.loadClass(Unknown Source)
at java.lang.ClassLoader.loadClass(Unknown Source)
... 38 more
]]>
    </error>
  </testcase> <!-- setUp -->
  <system-out/>
  <testcase name="validatetitleOfTabletPage" time="0.000" classname="FrameworkUI_YourStore.FrameworkUI_YourStore.TabletPageTest">
    <skipped/>
  </testcase> <!-- validatetitleOfTabletPage -->
  <system-out/>
  <testcase name="validateValues" time="0.000" classname="FrameworkUI_YourStore.FrameworkUI_YourStore.TabletPageTest">
    <skipped/>
  </testcase> <!-- validateValues -->
  <system-out/>
  <testcase name="validatePrice" time="0.000" classname="FrameworkUI_YourStore.FrameworkUI_YourStore.TabletPageTest">
    <skipped/>
  </testcase> <!-- validatePrice -->
  <system-out/>
  <testcase name="clickonCart" time="0.000" classname="FrameworkUI_YourStore.FrameworkUI_YourStore.TabletPageTest">
    <skipped/>
  </testcase> <!-- clickonCart -->
  <system-out/>
</testsuite> <!-- FrameworkUI_YourStore.FrameworkUI_YourStore.TabletPageTest -->
