<?xml version="1.0" encoding="UTF-8"?>
<!-- Generated by org.testng.reporters.JUnitReportReporter -->
<testsuite skipped="3" hostname="HP" name="FrameworkUI_YourStore.FrameworkUI_YourStore.HomePageTest" tests="4" failures="0" timestamp="2023-06-13T19:21:16 IST" time="2.490" errors="1">
  <testcase name="validateHeaderLinkText" time="0.000" classname="FrameworkUI_YourStore.FrameworkUI_YourStore.HomePageTest">
    <skipped/>
  </testcase> <!-- validateHeaderLinkText -->
  <system-out/>
  <testcase name="setUp" time="2.490" classname="FrameworkUI_YourStore.FrameworkUI_YourStore.HomePageTest">
    <error type="org.openqa.selenium.SessionNotCreatedException" message="session not created: This version of ChromeDriver only supports Chrome version 110
Current browser version is 114.0.5735.110 with binary path C:\Program Files\Google\Chrome\Application\chrome.exe
Build info: version: &#039;3.14.0&#039;, revision: &#039;aacccce0&#039;, time: &#039;2018-08-02T20:19:58.91Z&#039;
System info: host: &#039;HP&#039;, ip: &#039;192.168.38.133&#039;, os.name: &#039;Windows 10&#039;, os.arch: &#039;x86&#039;, os.version: &#039;10.0&#039;, java.version: &#039;1.8.0_291&#039;
Driver info: driver.version: ChromeDriver
remote stacktrace: Backtrace:
	(No symbol) [0x004F37D3]
	(No symbol) [0x00488B81]
	(No symbol) [0x0038B36D]
	(No symbol) [0x003AED6D]
	(No symbol) [0x003A9B90]
	(No symbol) [0x003A6FC9]
	(No symbol) [0x003E1ED5]
	(No symbol) [0x003E1B2C]
	(No symbol) [0x003DB216]
	(No symbol) [0x003B0D97]
	(No symbol) [0x003B253D]
	GetHandleVerifier [0x0076ABF2+2510930]
	GetHandleVerifier [0x00798EC1+2700065]
	GetHandleVerifier [0x0079C86C+2714828]
	GetHandleVerifier [0x005A3480+645344]
	(No symbol) [0x00490FD2]
	(No symbol) [0x00496C68]
	(No symbol) [0x00496D4B]
	(No symbol) [0x004A0D6B]
	BaseThreadInitThunk [0x773F7D59+25]
	RtlInitializeExceptionChain [0x77A0B74B+107]
	RtlClearBits [0x77A0B6CF+191]
">
      <![CDATA[org.openqa.selenium.SessionNotCreatedException: session not created: This version of ChromeDriver only supports Chrome version 110
Current browser version is 114.0.5735.110 with binary path C:\Program Files\Google\Chrome\Application\chrome.exe
Build info: version: '3.14.0', revision: 'aacccce0', time: '2018-08-02T20:19:58.91Z'
System info: host: 'HP', ip: '192.168.38.133', os.name: 'Windows 10', os.arch: 'x86', os.version: '10.0', java.version: '1.8.0_291'
Driver info: driver.version: ChromeDriver
remote stacktrace: Backtrace:
(No symbol) [0x004F37D3]
(No symbol) [0x00488B81]
(No symbol) [0x0038B36D]
(No symbol) [0x003AED6D]
(No symbol) [0x003A9B90]
(No symbol) [0x003A6FC9]
(No symbol) [0x003E1ED5]
(No symbol) [0x003E1B2C]
(No symbol) [0x003DB216]
(No symbol) [0x003B0D97]
(No symbol) [0x003B253D]
GetHandleVerifier [0x0076ABF2+2510930]
GetHandleVerifier [0x00798EC1+2700065]
GetHandleVerifier [0x0079C86C+2714828]
GetHandleVerifier [0x005A3480+645344]
(No symbol) [0x00490FD2]
(No symbol) [0x00496C68]
(No symbol) [0x00496D4B]
(No symbol) [0x004A0D6B]
BaseThreadInitThunk [0x773F7D59+25]
RtlInitializeExceptionChain [0x77A0B74B+107]
RtlClearBits [0x77A0B6CF+191]

at sun.reflect.NativeConstructorAccessorImpl.newInstance0(Native Method)
at sun.reflect.NativeConstructorAccessorImpl.newInstance(Unknown Source)
at sun.reflect.DelegatingConstructorAccessorImpl.newInstance(Unknown Source)
at java.lang.reflect.Constructor.newInstance(Unknown Source)
at org.openqa.selenium.remote.W3CHandshakeResponse.lambda$new$0(W3CHandshakeResponse.java:57)
at org.openqa.selenium.remote.W3CHandshakeResponse.lambda$getResponseFunction$2(W3CHandshakeResponse.java:104)
at org.openqa.selenium.remote.ProtocolHandshake.lambda$createSession$0(ProtocolHandshake.java:122)
at java.util.stream.ReferencePipeline$3$1.accept(Unknown Source)
at java.util.Spliterators$ArraySpliterator.tryAdvance(Unknown Source)
at java.util.stream.ReferencePipeline.forEachWithCancel(Unknown Source)
at java.util.stream.AbstractPipeline.copyIntoWithCancel(Unknown Source)
at java.util.stream.AbstractPipeline.copyInto(Unknown Source)
at java.util.stream.AbstractPipeline.wrapAndCopyInto(Unknown Source)
at java.util.stream.FindOps$FindOp.evaluateSequential(Unknown Source)
at java.util.stream.AbstractPipeline.evaluate(Unknown Source)
at java.util.stream.ReferencePipeline.findFirst(Unknown Source)
at org.openqa.selenium.remote.ProtocolHandshake.createSession(ProtocolHandshake.java:125)
at org.openqa.selenium.remote.ProtocolHandshake.createSession(ProtocolHandshake.java:73)
at org.openqa.selenium.remote.HttpCommandExecutor.execute(HttpCommandExecutor.java:136)
at org.openqa.selenium.remote.service.DriverCommandExecutor.execute(DriverCommandExecutor.java:83)
at org.openqa.selenium.remote.RemoteWebDriver.execute(RemoteWebDriver.java:548)
at org.openqa.selenium.remote.RemoteWebDriver.startSession(RemoteWebDriver.java:212)
at org.openqa.selenium.remote.RemoteWebDriver.<init>(RemoteWebDriver.java:130)
at org.openqa.selenium.chrome.ChromeDriver.<init>(ChromeDriver.java:181)
at org.openqa.selenium.chrome.ChromeDriver.<init>(ChromeDriver.java:168)
at org.openqa.selenium.chrome.ChromeDriver.<init>(ChromeDriver.java:123)
at com.BaseClass.TestBase.initalization(TestBase.java:40)
at FrameworkUI_YourStore.FrameworkUI_YourStore.HomePageTest.setUp(HomePageTest.java:30)
at sun.reflect.NativeMethodAccessorImpl.invoke0(Native Method)
at sun.reflect.NativeMethodAccessorImpl.invoke(Unknown Source)
at sun.reflect.DelegatingMethodAccessorImpl.invoke(Unknown Source)
at java.lang.reflect.Method.invoke(Unknown Source)
at org.testng.internal.MethodInvocationHelper.invokeMethod(MethodInvocationHelper.java:133)
at org.testng.internal.MethodInvocationHelper.invokeMethodConsideringTimeout(MethodInvocationHelper.java:62)
at org.testng.internal.ConfigInvoker.invokeConfigurationMethod(ConfigInvoker.java:385)
at org.testng.internal.ConfigInvoker.invokeConfigurations(ConfigInvoker.java:321)
at org.testng.TestRunner.invokeTestConfigurations(TestRunner.java:637)
at org.testng.TestRunner.beforeRun(TestRunner.java:627)
at org.testng.TestRunner.run(TestRunner.java:589)
at org.testng.SuiteRunner.runTest(SuiteRunner.java:377)
at org.testng.SuiteRunner.runSequentially(SuiteRunner.java:371)
at org.testng.SuiteRunner.privateRun(SuiteRunner.java:332)
at org.testng.SuiteRunner.run(SuiteRunner.java:276)
at org.testng.SuiteRunnerWorker.runSuite(SuiteRunnerWorker.java:53)
at org.testng.SuiteRunnerWorker.run(SuiteRunnerWorker.java:96)
at org.testng.TestNG.runSuitesSequentially(TestNG.java:1212)
at org.testng.TestNG.runSuitesLocally(TestNG.java:1134)
at org.testng.TestNG.runSuites(TestNG.java:1063)
at org.testng.TestNG.run(TestNG.java:1031)
at org.testng.remote.AbstractRemoteTestNG.run(AbstractRemoteTestNG.java:115)
at org.testng.remote.RemoteTestNG.initAndRun(RemoteTestNG.java:251)
at org.testng.remote.RemoteTestNG.main(RemoteTestNG.java:77)
]]>
    </error>
  </testcase> <!-- setUp -->
  <system-out/>
  <testcase name="validateElementsVisibility" time="0.000" classname="FrameworkUI_YourStore.FrameworkUI_YourStore.HomePageTest">
    <skipped/>
  </testcase> <!-- validateElementsVisibility -->
  <system-out/>
  <testcase name="validateCurrancyNames" time="0.000" classname="FrameworkUI_YourStore.FrameworkUI_YourStore.HomePageTest">
    <skipped/>
  </testcase> <!-- validateCurrancyNames -->
  <system-out/>
</testsuite> <!-- FrameworkUI_YourStore.FrameworkUI_YourStore.HomePageTest -->
